This is pdfTeX, Version 3.141592653-2.6-1.40.25 (MiKTeX 23.10) (preloaded format=pdflatex 2023.11.12)  27 FEB 2024 19:19
entering extended mode
 restricted \write18 enabled.
 %&-line parsing enabled.
**./Barrios_Mendez_JoseAlberto_Reporte.tex
(Barrios_Mendez_JoseAlberto_Reporte.tex
LaTeX2e <2023-06-01> patch level 1
L3 programming layer <2023-08-29>
(C:\Users\alber\AppData\Local\Programs\MiKTeX\tex/latex/base\article.cls
Document Class: article 2023/05/17 v1.4n Standard LaTeX document class
(C:\Users\alber\AppData\Local\Programs\MiKTeX\tex/latex/base\size12.clo
File: size12.clo 2023/05/17 v1.4n Standard LaTeX file (size option)
)
\c@part=\count185
\c@section=\count186
\c@subsection=\count187
\c@subsubsection=\count188
\c@paragraph=\count189
\c@subparagraph=\count190
\c@figure=\count191
\c@table=\count192
\abovecaptionskip=\skip48
\belowcaptionskip=\skip49
\bibindent=\dimen140
)
(C:\Users\alber\AppData\Local\Programs\MiKTeX\tex/generic/babel\babel.sty
Package: babel 2023/09/29 v3.95 The Babel package
\babel@savecnt=\count193
\U@D=\dimen141
\l@unhyphenated=\language79

(C:\Users\alber\AppData\Local\Programs\MiKTeX\tex/generic/babel\txtbabel.def)
\bbl@readstream=\read2
\bbl@dirlevel=\count194

*************************************
* Local config file bblopts.cfg used
*
(C:\Users\alber\AppData\Local\Programs\MiKTeX\tex/latex/arabi\bblopts.cfg
File: bblopts.cfg 2005/09/08 v0.1 add Arabic and Farsi to "declared" options of
 babel
)
(C:\Users\alber\AppData\Local\Programs\MiKTeX\tex/latex/babel-spanish\spanish.l
df
Language: spanish.ldf 2021/05/27 v5.0q Spanish support from the babel system
\es@quottoks=\toks17
\es@quotdepth=\count195
Package babel Info: Making " an active character on input line 570.
Package babel Info: Making . an active character on input line 675.
Package babel Info: Making < an active character on input line 722.
Package babel Info: Making > an active character on input line 722.
))
(C:\Users\alber\AppData\Local\Programs\MiKTeX\tex/generic/babel/locale/es\babel
-spanish.tex
Package babel Info: Importing font and identification data for spanish
(babel)             from babel-es.ini. Reported on input line 11.
)
(C:\Users\alber\AppData\Local\Programs\MiKTeX\tex/latex/base\inputenc.sty
Package: inputenc 2021/02/14 v1.3d Input encoding file
\inpenc@prehook=\toks18
\inpenc@posthook=\toks19
)
(C:\Users\alber\AppData\Local\Programs\MiKTeX\tex/latex/amsmath\amsmath.sty
Package: amsmath 2023/05/13 v2.17o AMS math features
\@mathmargin=\skip50

For additional information on amsmath, use the `?' option.
(C:\Users\alber\AppData\Local\Programs\MiKTeX\tex/latex/amsmath\amstext.sty
Package: amstext 2021/08/26 v2.01 AMS text

(C:\Users\alber\AppData\Local\Programs\MiKTeX\tex/latex/amsmath\amsgen.sty
File: amsgen.sty 1999/11/30 v2.0 generic functions
\@emptytoks=\toks20
\ex@=\dimen142
))
(C:\Users\alber\AppData\Local\Programs\MiKTeX\tex/latex/amsmath\amsbsy.sty
Package: amsbsy 1999/11/29 v1.2d Bold Symbols
\pmbraise@=\dimen143
)
(C:\Users\alber\AppData\Local\Programs\MiKTeX\tex/latex/amsmath\amsopn.sty
Package: amsopn 2022/04/08 v2.04 operator names
)
\inf@bad=\count196
LaTeX Info: Redefining \frac on input line 234.
\uproot@=\count197
\leftroot@=\count198
LaTeX Info: Redefining \overline on input line 399.
LaTeX Info: Redefining \colon on input line 410.
\classnum@=\count199
\DOTSCASE@=\count266
LaTeX Info: Redefining \ldots on input line 496.
LaTeX Info: Redefining \dots on input line 499.
LaTeX Info: Redefining \cdots on input line 620.
\Mathstrutbox@=\box51
\strutbox@=\box52
LaTeX Info: Redefining \big on input line 722.
LaTeX Info: Redefining \Big on input line 723.
LaTeX Info: Redefining \bigg on input line 724.
LaTeX Info: Redefining \Bigg on input line 725.
\big@size=\dimen144
LaTeX Font Info:    Redeclaring font encoding OML on input line 743.
LaTeX Font Info:    Redeclaring font encoding OMS on input line 744.
\macc@depth=\count267
LaTeX Info: Redefining \bmod on input line 905.
LaTeX Info: Redefining \pmod on input line 910.
LaTeX Info: Redefining \smash on input line 940.
LaTeX Info: Redefining \relbar on input line 970.
LaTeX Info: Redefining \Relbar on input line 971.
\c@MaxMatrixCols=\count268
\dotsspace@=\muskip16
\c@parentequation=\count269
\dspbrk@lvl=\count270
\tag@help=\toks21
\row@=\count271
\column@=\count272
\maxfields@=\count273
\andhelp@=\toks22
\eqnshift@=\dimen145
\alignsep@=\dimen146
\tagshift@=\dimen147
\tagwidth@=\dimen148
\totwidth@=\dimen149
\lineht@=\dimen150
\@envbody=\toks23
\multlinegap=\skip51
\multlinetaggap=\skip52
\mathdisplay@stack=\toks24
LaTeX Info: Redefining \[ on input line 2953.
LaTeX Info: Redefining \] on input line 2954.
)
(C:\Users\alber\AppData\Local\Programs\MiKTeX\tex/latex/graphics\graphicx.sty
Package: graphicx 2021/09/16 v1.2d Enhanced LaTeX Graphics (DPC,SPQR)

(C:\Users\alber\AppData\Local\Programs\MiKTeX\tex/latex/graphics\keyval.sty
Package: keyval 2022/05/29 v1.15 key=value parser (DPC)
\KV@toks@=\toks25
)
(C:\Users\alber\AppData\Local\Programs\MiKTeX\tex/latex/graphics\graphics.sty
Package: graphics 2022/03/10 v1.4e Standard LaTeX Graphics (DPC,SPQR)

(C:\Users\alber\AppData\Local\Programs\MiKTeX\tex/latex/graphics\trig.sty
Package: trig 2021/08/11 v1.11 sin cos tan (DPC)
)
(C:\Users\alber\AppData\Local\Programs\MiKTeX\tex/latex/graphics-cfg\graphics.c
fg
File: graphics.cfg 2016/06/04 v1.11 sample graphics configuration
)
Package graphics Info: Driver file: pdftex.def on input line 107.

(C:\Users\alber\AppData\Local\Programs\MiKTeX\tex/latex/graphics-def\pdftex.def
File: pdftex.def 2022/09/22 v1.2b Graphics/color driver for pdftex
))
\Gin@req@height=\dimen151
\Gin@req@width=\dimen152
) (C:\Users\alber\AppData\Local\Programs\MiKTeX\tex/latex/graphics\color.sty
Package: color 2022/01/06 v1.3d Standard LaTeX Color (DPC)

(C:\Users\alber\AppData\Local\Programs\MiKTeX\tex/latex/graphics-cfg\color.cfg
File: color.cfg 2016/01/02 v1.6 sample color configuration
)
Package color Info: Driver file: pdftex.def on input line 149.
(C:\Users\alber\AppData\Local\Programs\MiKTeX\tex/latex/graphics\mathcolor.ltx)
)
(C:\Users\alber\AppData\Local\Programs\MiKTeX\tex/latex/subfigure\subfigure.sty
Package: subfigure 2002/07/30 v2.1.4 subfigure package
\subfigtopskip=\skip53
\subfigcapskip=\skip54
\subfigcaptopadj=\dimen153
\subfigbottomskip=\skip55
\subfigcapmargin=\dimen154
\subfiglabelskip=\skip56
\c@subfigure=\count274
\c@lofdepth=\count275
\c@subtable=\count276
\c@lotdepth=\count277
****************************************
* Local config file subfigure.cfg used *
****************************************

(C:\Users\alber\AppData\Local\Programs\MiKTeX\tex/latex/subfigure\subfigure.cfg
)
\subfig@top=\skip57
\subfig@bottom=\skip58
) (C:\Users\alber\AppData\Local\Programs\MiKTeX\tex/latex/float\float.sty
Package: float 2001/11/08 v1.3d Float enhancements (AL)
\c@float@type=\count278
\float@exts=\toks26
\float@box=\box53
\@float@everytoks=\toks27
\@floatcapt=\box54
)
(C:\Users\alber\AppData\Local\Programs\MiKTeX\tex/latex/capt-of\capt-of.sty
Package: capt-of 2009/12/29 v0.2 standard captions outside of floats
)
(C:\Users\alber\AppData\Local\Programs\MiKTeX\tex/latex/sidecap\sidecap.sty
Package: sidecap 2023/01/24 v1.7a SideCap Package (RN/HjG)

(C:\Users\alber\AppData\Local\Programs\MiKTeX\tex/latex/base\ifthen.sty
Package: ifthen 2022/04/13 v1.1d Standard LaTeX ifthen package (DPC)
)
\SC@BOXWD=\dimen155
\SC@CAPWD=\dimen156
\SC@tempdima=\dimen157
\SC@tempdimb=\dimen158
\c@SC@C=\count279
\SC@BOX=\box55
)
(C:\Users\alber\AppData\Local\Programs\MiKTeX\tex/latex/caption\caption.sty
Package: caption 2023/08/05 v3.6o Customizing captions (AR)

(C:\Users\alber\AppData\Local\Programs\MiKTeX\tex/latex/caption\caption3.sty
Package: caption3 2023/07/31 v2.4d caption3 kernel (AR)
\caption@tempdima=\dimen159
\captionmargin=\dimen160
\caption@leftmargin=\dimen161
\caption@rightmargin=\dimen162
\caption@width=\dimen163
\caption@indent=\dimen164
\caption@parindent=\dimen165
\caption@hangindent=\dimen166
Package caption Info: Standard document class detected.
)
\c@caption@flags=\count280
\c@continuedfloat=\count281
Package caption Info: float package is loaded.
Package caption Info: sidecap package is loaded.
Package caption Info: subfigure package is loaded.
)
(C:\Users\alber\AppData\Local\Programs\MiKTeX\tex/latex/commath\commath.sty)
(C:\Users\alber\AppData\Local\Programs\MiKTeX\tex/latex/cancel\cancel.sty
Package: cancel 2013/04/12 v2.2 Cancel math terms
)
(C:\Users\alber\AppData\Local\Programs\MiKTeX\tex/latex/anysize\anysize.sty
Package: anysize 1994/08/13 setting margin sizes

document style option `anysize' loaded
Michael Salzenberg, Thomas Esser, Dirk Hillbrecht
Version 1.0, Aug 13, 1994
\@Leftmargin=\dimen167
\@Rightmargin=\dimen168
\@Topmargin=\dimen169
\@Bottommargin=\dimen170
) (C:\Users\alber\AppData\Local\Programs\MiKTeX\tex/latex/appendix\appendix.sty
Package: appendix 2020/02/08 v1.2c extra appendix facilities
\c@@pps=\count282
\c@@ppsavesec=\count283
\c@@ppsaveapp=\count284
) (C:\Users\alber\AppData\Local\Programs\MiKTeX\tex/latex/hyperref\hyperref.sty
Package: hyperref 2023-07-08 v7.01b Hypertext links for LaTeX
(C:\Users\alber\AppData\Local\Programs\MiKTeX\tex/generic/ltxcmds\ltxcmds.sty
Package: ltxcmds 2020-05-10 v1.25 LaTeX kernel commands for general use (HO)
)
(C:\Users\alber\AppData\Local\Programs\MiKTeX\tex/generic/iftex\iftex.sty
Package: iftex 2022/02/03 v1.0f TeX engine tests
)
(C:\Users\alber\AppData\Local\Programs\MiKTeX\tex/generic/pdftexcmds\pdftexcmds
.sty
Package: pdftexcmds 2020-06-27 v0.33 Utility functions of pdfTeX for LuaTeX (HO
)

(C:\Users\alber\AppData\Local\Programs\MiKTeX\tex/generic/infwarerr\infwarerr.s
ty
Package: infwarerr 2019/12/03 v1.5 Providing info/warning/error messages (HO)
)
Package pdftexcmds Info: \pdf@primitive is available.
Package pdftexcmds Info: \pdf@ifprimitive is available.
Package pdftexcmds Info: \pdfdraftmode found.
)
(C:\Users\alber\AppData\Local\Programs\MiKTeX\tex/latex/kvsetkeys\kvsetkeys.sty
Package: kvsetkeys 2022-10-05 v1.19 Key value parser (HO)
)
(C:\Users\alber\AppData\Local\Programs\MiKTeX\tex/generic/kvdefinekeys\kvdefine
keys.sty
Package: kvdefinekeys 2019-12-19 v1.6 Define keys (HO)
)
(C:\Users\alber\AppData\Local\Programs\MiKTeX\tex/generic/pdfescape\pdfescape.s
ty
Package: pdfescape 2019/12/09 v1.15 Implements pdfTeX's escape features (HO)
) (C:\Users\alber\AppData\Local\Programs\MiKTeX\tex/latex/hycolor\hycolor.sty
Package: hycolor 2020-01-27 v1.10 Color options for hyperref/bookmark (HO)
)
(C:\Users\alber\AppData\Local\Programs\MiKTeX\tex/latex/letltxmacro\letltxmacro
.sty
Package: letltxmacro 2019/12/03 v1.6 Let assignment for LaTeX macros (HO)
)
(C:\Users\alber\AppData\Local\Programs\MiKTeX\tex/latex/auxhook\auxhook.sty
Package: auxhook 2019-12-17 v1.6 Hooks for auxiliary files (HO)
)
(C:\Users\alber\AppData\Local\Programs\MiKTeX\tex/latex/hyperref\nameref.sty
Package: nameref 2023-08-07 v2.53 Cross-referencing by name of section

(C:\Users\alber\AppData\Local\Programs\MiKTeX\tex/latex/refcount\refcount.sty
Package: refcount 2019/12/15 v3.6 Data extraction from label references (HO)
)
(C:\Users\alber\AppData\Local\Programs\MiKTeX\tex/generic/gettitlestring\gettit
lestring.sty
Package: gettitlestring 2019/12/15 v1.6 Cleanup title references (HO)

(C:\Users\alber\AppData\Local\Programs\MiKTeX\tex/latex/kvoptions\kvoptions.sty
Package: kvoptions 2022-06-15 v3.15 Key value format for package options (HO)
))
\c@section@level=\count285
)
(C:\Users\alber\AppData\Local\Programs\MiKTeX\tex/latex/etoolbox\etoolbox.sty
Package: etoolbox 2020/10/05 v2.5k e-TeX tools for LaTeX (JAW)
\etb@tempcnta=\count286
)
\@linkdim=\dimen171
\Hy@linkcounter=\count287
\Hy@pagecounter=\count288

(C:\Users\alber\AppData\Local\Programs\MiKTeX\tex/latex/hyperref\pd1enc.def
File: pd1enc.def 2023-07-08 v7.01b Hyperref: PDFDocEncoding definition (HO)
Now handling font encoding PD1 ...
... no UTF-8 mapping file for font encoding PD1
)
(C:\Users\alber\AppData\Local\Programs\MiKTeX\tex/generic/intcalc\intcalc.sty
Package: intcalc 2019/12/15 v1.3 Expandable calculations with integers (HO)
)
\Hy@SavedSpaceFactor=\count289

(C:\Users\alber\AppData\Local\Programs\MiKTeX\tex/latex/hyperref\puenc.def
File: puenc.def 2023-07-08 v7.01b Hyperref: PDF Unicode definition (HO)
Now handling font encoding PU ...
... no UTF-8 mapping file for font encoding PU
)
Package hyperref Info: Option `colorlinks' set `true' on input line 4050.
Package hyperref Info: Option `plainpages' set `true' on input line 4050.
Package hyperref Info: Hyper figures OFF on input line 4167.
Package hyperref Info: Link nesting OFF on input line 4172.
Package hyperref Info: Hyper index ON on input line 4175.
Package hyperref Info: Plain pages ON on input line 4180.
Package hyperref Info: Backreferencing OFF on input line 4187.
Package hyperref Info: Implicit mode ON; LaTeX internals redefined.
Package hyperref Info: Bookmarks ON on input line 4434.
\c@Hy@tempcnt=\count290

(C:\Users\alber\AppData\Local\Programs\MiKTeX\tex/latex/url\url.sty
\Urlmuskip=\muskip17
Package: url 2013/09/16  ver 3.4  Verb mode for urls, etc.
)
LaTeX Info: Redefining \url on input line 4772.
\XeTeXLinkMargin=\dimen172

(C:\Users\alber\AppData\Local\Programs\MiKTeX\tex/generic/bitset\bitset.sty
Package: bitset 2019/12/09 v1.3 Handle bit-vector datatype (HO)

(C:\Users\alber\AppData\Local\Programs\MiKTeX\tex/generic/bigintcalc\bigintcalc
.sty
Package: bigintcalc 2019/12/15 v1.5 Expandable calculations on big integers (HO
)
))
\Fld@menulength=\count291
\Field@Width=\dimen173
\Fld@charsize=\dimen174
Package hyperref Info: Hyper figures OFF on input line 6051.
Package hyperref Info: Link nesting OFF on input line 6056.
Package hyperref Info: Hyper index ON on input line 6059.
Package hyperref Info: backreferencing OFF on input line 6066.
Package hyperref Info: Link coloring ON on input line 6069.
Package hyperref Info: Link coloring with OCG OFF on input line 6076.
Package hyperref Info: PDF/A mode OFF on input line 6081.

(C:\Users\alber\AppData\Local\Programs\MiKTeX\tex/latex/base\atbegshi-ltx.sty
Package: atbegshi-ltx 2021/01/10 v1.0c Emulation of the original atbegshi
package with kernel methods
)
\Hy@abspage=\count292
\c@Item=\count293
\c@Hfootnote=\count294
)
Package hyperref Info: Driver (autodetected): hpdftex.
(C:\Users\alber\AppData\Local\Programs\MiKTeX\tex/latex/hyperref\hpdftex.def
File: hpdftex.def 2023-07-08 v7.01b Hyperref driver for pdfTeX

(C:\Users\alber\AppData\Local\Programs\MiKTeX\tex/latex/base\atveryend-ltx.sty
Package: atveryend-ltx 2020/08/19 v1.0a Emulation of the original atveryend pac
kage
with kernel methods
)
\Fld@listcount=\count295
\c@bookmark@seq@number=\count296

(C:\Users\alber\AppData\Local\Programs\MiKTeX\tex/latex/rerunfilecheck\rerunfil
echeck.sty
Package: rerunfilecheck 2022-07-10 v1.10 Rerun checks for auxiliary files (HO)

(C:\Users\alber\AppData\Local\Programs\MiKTeX\tex/generic/uniquecounter\uniquec
ounter.sty
Package: uniquecounter 2019/12/15 v1.4 Provide unlimited unique counter (HO)
)
Package uniquecounter Info: New unique counter `rerunfilecheck' on input line 2
85.
)
\Hy@SectionHShift=\skip59
)
(C:\Users\alber\AppData\Local\Programs\MiKTeX\tex/latex/fancyhdr\fancyhdr.sty
Package: fancyhdr 2022/11/09 v4.1 Extensive control of page headers and footers

\f@nch@headwidth=\skip60
\f@nch@O@elh=\skip61
\f@nch@O@erh=\skip62
\f@nch@O@olh=\skip63
\f@nch@O@orh=\skip64
\f@nch@O@elf=\skip65
\f@nch@O@erf=\skip66
\f@nch@O@olf=\skip67
\f@nch@O@orf=\skip68
)
(C:\Users\alber\AppData\Local\Programs\MiKTeX\tex/latex/listings\listings.sty
\lst@mode=\count297
\lst@gtempboxa=\box56
\lst@token=\toks28
\lst@length=\count298
\lst@currlwidth=\dimen175
\lst@column=\count299
\lst@pos=\count300
\lst@lostspace=\dimen176
\lst@width=\dimen177
\lst@newlines=\count301
\lst@lineno=\count302
\lst@maxwidth=\dimen178

(C:\Users\alber\AppData\Local\Programs\MiKTeX\tex/latex/listings\lstmisc.sty
File: lstmisc.sty 2023/02/27 1.9 (Carsten Heinz)
\c@lstnumber=\count303
\lst@skipnumbers=\count304
\lst@framebox=\box57
)
(C:\Users\alber\AppData\Local\Programs\MiKTeX\tex/latex/listings\listings.cfg
File: listings.cfg 2023/02/27 1.9 listings configuration
))
Package: listings 2023/02/27 1.9 (Carsten Heinz)

(C:\Users\alber\AppData\Local\Programs\MiKTeX\tex/latex/l3backend\l3backend-pdf
tex.def
File: l3backend-pdftex.def 2023-04-19 L3 backend support: PDF output (pdfTeX)
\l__color_backend_stack_int=\count305
\l__pdf_internal_box=\box58
) (Barrios_Mendez_JoseAlberto_Reporte.aux
LaTeX Info: Redefining \. on input line 22.
LaTeX Info: Redefining \% on input line 22.


LaTeX Warning: Label `fig:Media' multiply defined.


LaTeX Warning: Label `fig:Media' multiply defined.


LaTeX Warning: Label `fig:Media' multiply defined.


LaTeX Warning: Label `fig:Media' multiply defined.


LaTeX Warning: Label `fig:IPN' multiply defined.


LaTeX Warning: Label `fig:IPN' multiply defined.


LaTeX Warning: Label `fig:IPN' multiply defined.


LaTeX Warning: Label `fig:IPN' multiply defined.


LaTeX Warning: Label `fig:IPN' multiply defined.


LaTeX Warning: Label `fig:IPN' multiply defined.


LaTeX Warning: Label `fig:IPN' multiply defined.


LaTeX Warning: Label `fig:IPN' multiply defined.


LaTeX Warning: Label `fig:IPN' multiply defined.


LaTeX Warning: Label `fig:IPN' multiply defined.


LaTeX Warning: Label `fig:IPN' multiply defined.


LaTeX Warning: Label `fig:IPN' multiply defined.


LaTeX Warning: Label `fig:IPN' multiply defined.


LaTeX Warning: Label `fig:IPN' multiply defined.


LaTeX Warning: Label `fig:IPN' multiply defined.


LaTeX Warning: Label `fig:IPN' multiply defined.


LaTeX Warning: Label `fig:IPN' multiply defined.


LaTeX Warning: Label `fig:IPN' multiply defined.


LaTeX Warning: Label `fig:IPN' multiply defined.


LaTeX Warning: Label `fig:IPN' multiply defined.

)
\openout1 = `Barrios_Mendez_JoseAlberto_Reporte.aux'.

LaTeX Font Info:    Checking defaults for OML/cmm/m/it on input line 70.
LaTeX Font Info:    ... okay on input line 70.
LaTeX Font Info:    Checking defaults for OMS/cmsy/m/n on input line 70.
LaTeX Font Info:    ... okay on input line 70.
LaTeX Font Info:    Checking defaults for OT1/cmr/m/n on input line 70.
LaTeX Font Info:    ... okay on input line 70.
LaTeX Font Info:    Checking defaults for T1/cmr/m/n on input line 70.
LaTeX Font Info:    ... okay on input line 70.
LaTeX Font Info:    Checking defaults for TS1/cmr/m/n on input line 70.
LaTeX Font Info:    ... okay on input line 70.
LaTeX Font Info:    Checking defaults for OMX/cmex/m/n on input line 70.
LaTeX Font Info:    ... okay on input line 70.
LaTeX Font Info:    Checking defaults for U/cmr/m/n on input line 70.
LaTeX Font Info:    ... okay on input line 70.
LaTeX Font Info:    Checking defaults for PD1/pdf/m/n on input line 70.
LaTeX Font Info:    ... okay on input line 70.
LaTeX Font Info:    Checking defaults for PU/pdf/m/n on input line 70.
LaTeX Font Info:    ... okay on input line 70.
LaTeX Info: Redefining \. on input line 70.
LaTeX Info: Redefining \% on input line 70.

(C:\Users\alber\AppData\Local\Programs\MiKTeX\tex/context/base/mkii\supp-pdf.mk
ii
[Loading MPS to PDF converter (version 2006.09.02).]
\scratchcounter=\count306
\scratchdimen=\dimen179
\scratchbox=\box59
\nofMPsegments=\count307
\nofMParguments=\count308
\everyMPshowfont=\toks29
\MPscratchCnt=\count309
\MPscratchDim=\dimen180
\MPnumerator=\count310
\makeMPintoPDFobject=\count311
\everyMPtoPDFconversion=\toks30
)
(C:\Users\alber\AppData\Local\Programs\MiKTeX\tex/latex/epstopdf-pkg\epstopdf-b
ase.sty
Package: epstopdf-base 2020-01-24 v2.11 Base part for package epstopdf
Package epstopdf-base Info: Redefining graphics rule for `.eps' on input line 4
85.

(C:\Users\alber\AppData\Local\Programs\MiKTeX\tex/latex/00miktex\epstopdf-sys.c
fg
File: epstopdf-sys.cfg 2021/03/18 v2.0 Configuration of epstopdf for MiKTeX
))
(C:\Users\alber\AppData\Local\Programs\MiKTeX\tex/latex/ragged2e\ragged2e.sty
Package: ragged2e 2023/06/22 v3.6 ragged2e Package
\CenteringLeftskip=\skip69
\RaggedLeftLeftskip=\skip70
\RaggedRightLeftskip=\skip71
\CenteringRightskip=\skip72
\RaggedLeftRightskip=\skip73
\RaggedRightRightskip=\skip74
\CenteringParfillskip=\skip75
\RaggedLeftParfillskip=\skip76
\RaggedRightParfillskip=\skip77
\JustifyingParfillskip=\skip78
\CenteringParindent=\skip79
\RaggedLeftParindent=\skip80
\RaggedRightParindent=\skip81
\JustifyingParindent=\skip82
)
Package caption Info: Begin \AtBeginDocument code.
Package caption Info: hyperref package is loaded.
Package caption Info: listings package is loaded.
Package caption Info: End \AtBeginDocument code.
Package hyperref Info: Link coloring ON on input line 70.

(Barrios_Mendez_JoseAlberto_Reporte.out)
(Barrios_Mendez_JoseAlberto_Reporte.out)
\@outlinefile=\write3
\openout3 = `Barrios_Mendez_JoseAlberto_Reporte.out'.

\c@lstlisting=\count312
<logo_upiita.png, id=39, 142.131pt x 134.4222pt>
File: logo_upiita.png Graphic file (type png)
<use logo_upiita.png>
Package pdftex.def Info: logo_upiita.png  used on input line 79.
(pdftex.def)             Requested size: 89.54298pt x 84.68642pt.
<IPN.jpg, id=41, 177.66376pt x 286.06876pt>
File: IPN.jpg Graphic file (type jpg)
<use IPN.jpg>
Package pdftex.def Info: IPN.jpg  used on input line 82.
(pdftex.def)             Requested size: 62.18324pt x 100.12556pt.
 [1{C:/Users/alber/AppData/Local/MiKTeX/fonts/map/pdftex/pdftex.map}

 <./logo_upiita.png> <./IPN.jpg>]
(Barrios_Mendez_JoseAlberto_Reporte.toc
LaTeX Info: Redefining \. on input line 1.
LaTeX Info: Redefining \% on input line 1.
)
\tf@toc=\write4
\openout4 = `Barrios_Mendez_JoseAlberto_Reporte.toc'.

 [2]
Overfull \hbox (5.58556pt too wide) in paragraph at lines 155--157
[]\OT1/cmr/m/n/12 El ob-je-ti-vo de es-ta prac-ti-ca es fa-mi-lia-ri-zar-se con
 el len-gua-je de pro-gra-ma-cion python,mediante
 []

<solicitar_elementos.png, id=67, 495.0495pt x 157.7895pt>
File: solicitar_elementos.png Graphic file (type png)
<use solicitar_elementos.png>
Package pdftex.def Info: solicitar_elementos.png  used on input line 173.
(pdftex.def)             Requested size: 386.95897pt x 123.34015pt.

Underfull \hbox (badness 10000) in paragraph at lines 178--180

 []

[3 <./solicitar_elementos.png>]
<media.png, id=75, 435.42674pt x 242.1045pt>
File: media.png Graphic file (type png)
<use media.png>
Package pdftex.def Info: media.png  used on input line 187.
(pdftex.def)             Requested size: 386.95897pt x 215.16202pt.
 [4 <./media.png>]
<desviacion.png, id=88, 490.83376pt x 236.68425pt>
File: desviacion.png Graphic file (type png)
<use desviacion.png>
Package pdftex.def Info: desviacion.png  used on input line 208.
(pdftex.def)             Requested size: 386.95897pt x 186.59929pt.
 [5 <./desviacion.png>]
<burbuja.png, id=99, 494.44725pt x 192.72pt>
File: burbuja.png Graphic file (type png)
<use burbuja.png>
Package pdftex.def Info: burbuja.png  used on input line 225.
(pdftex.def)             Requested size: 386.95897pt x 150.82677pt.
<ejemplo_burbuja.jpg, id=100, 513.92pt x 347.2975pt>
File: ejemplo_burbuja.jpg Graphic file (type jpg)
<use ejemplo_burbuja.jpg>
Package pdftex.def Info: ejemplo_burbuja.jpg  used on input line 231.
(pdftex.def)             Requested size: 193.47578pt x 130.75027pt.
<salir.png, id=101, 320.397pt x 67.452pt>
File: salir.png Graphic file (type png)
<use salir.png>
Package pdftex.def Info: salir.png  used on input line 246.
(pdftex.def)             Requested size: 241.84843pt x 50.91615pt.

[6 <./burbuja.png> <./ejemplo_burbuja.jpg>]
<diagrama.png, id=112, 816.04875pt x 1031.052pt>
File: diagrama.png Graphic file (type png)
<use diagrama.png>
Package pdftex.def Info: diagrama.png  used on input line 255.
(pdftex.def)             Requested size: 386.95897pt x 488.90524pt.
 [7 <./salir.png> <./diagrama.png>]
Underfull \hbox (badness 10000) in paragraph at lines 264--265

 []


Underfull \hbox (badness 10000) in paragraph at lines 266--268

 []

<sistemae.png, id=122, 459.51675pt x 215.6055pt>
File: sistemae.png Graphic file (type png)
<use sistemae.png>
Package pdftex.def Info: sistemae.png  used on input line 296.
(pdftex.def)             Requested size: 386.95897pt x 181.56467pt.

Underfull \hbox (badness 10000) in paragraph at lines 302--303

 []

[8 <./sistemae.png>]
<pregunta.png, id=132, 525.76425pt x 129.48375pt>
File: pregunta.png Graphic file (type png)
<use pregunta.png>
Package pdftex.def Info: pregunta.png  used on input line 308.
(pdftex.def)             Requested size: 386.95897pt x 95.30078pt.
<datos_mat.png, id=133, 601.0455pt x 151.767pt>
File: datos_mat.png Graphic file (type png)
<use datos_mat.png>
Package pdftex.def Info: datos_mat.png  used on input line 316.
(pdftex.def)             Requested size: 386.95897pt x 97.70947pt.
<vec_b.png, id=134, 548.64975pt x 145.7445pt>
File: vec_b.png Graphic file (type png)
<use vec_b.png>
Package pdftex.def Info: vec_b.png  used on input line 324.
(pdftex.def)             Requested size: 386.95897pt x 102.79659pt.
 [9 <./pregunta.png> <./datos_mat.png>]
<sol_mat.png, id=145, 548.64975pt x 66.2475pt>
File: sol_mat.png Graphic file (type png)
<use sol_mat.png>
Package pdftex.def Info: sol_mat.png  used on input line 332.
(pdftex.def)             Requested size: 386.95897pt x 46.72571pt.
<menu.png, id=146, 241.50224pt x 87.9285pt>
File: menu.png Graphic file (type png)
<use menu.png>
Package pdftex.def Info: menu.png  used on input line 349.
(pdftex.def)             Requested size: 290.22107pt x 105.6666pt.
<ingresa_val_erroneo.png, id=147, 289.08pt x 100.57574pt>
File: ingresa_val_erroneo.png Graphic file (type png)
<use ingresa_val_erroneo.png>
Package pdftex.def Info: ingresa_val_erroneo.png  used on input line 357.
(pdftex.def)             Requested size: 290.22107pt x 100.97755pt.
 [10 <./vec_b.png> <./sol_mat.png> <./menu.png>]
File: menu.png Graphic file (type png)
<use menu.png>
Package pdftex.def Info: menu.png  used on input line 364.
(pdftex.def)             Requested size: 290.22107pt x 105.6666pt.
<4_elementos.png, id=159, 287.27325pt x 99.9735pt>
File: 4_elementos.png Graphic file (type png)
<use 4_elementos.png>
Package pdftex.def Info: 4_elementos.png  used on input line 374.
(pdftex.def)             Requested size: 290.22107pt x 101.00597pt.

Underfull \hbox (badness 10000) in paragraph at lines 368--377

 []

<1_1.png, id=160, 224.63925pt x 65.043pt>
File: 1_1.png Graphic file (type png)
<use 1_1.png>
Package pdftex.def Info: 1_1.png  used on input line 381.
(pdftex.def)             Requested size: 290.22107pt x 84.0368pt.
[11 <./ingresa_val_erroneo.png> <./4_elementos.png>]
<1_2.png, id=170, 170.43675pt x 45.16875pt>
File: 1_2.png Graphic file (type png)
<use 1_2.png>
Package pdftex.def Info: 1_2.png  used on input line 389.
(pdftex.def)             Requested size: 290.22107pt x 76.92712pt.
<1_3.png, id=171, 292.6935pt x 78.89474pt>
File: 1_3.png Graphic file (type png)
<use 1_3.png>
Package pdftex.def Info: 1_3.png  used on input line 398.
(pdftex.def)             Requested size: 290.22107pt x 78.2288pt.
<1_4.png, id=172, 269.20575pt x 91.542pt>
File: 1_4.png Graphic file (type png)
<use 1_4.png>
Package pdftex.def Info: 1_4.png  used on input line 405.
(pdftex.def)             Requested size: 290.22107pt x 98.69347pt.
<1_5.png, id=173, 335.45325pt x 70.46326pt>
File: 1_5.png Graphic file (type png)
<use 1_5.png>
Package pdftex.def Info: 1_5.png  used on input line 412.
(pdftex.def)             Requested size: 290.22107pt x 60.96384pt.
 [12 <./1_1.png> <./1_2.png> <./1_3.png> <./1_4.png>]
<1_6.png, id=186, 363.15675pt x 74.07675pt>
File: 1_6.png Graphic file (type png)
<use 1_6.png>
Package pdftex.def Info: 1_6.png  used on input line 421.
(pdftex.def)             Requested size: 290.22107pt x 59.20383pt.
<1_7.png, id=187, 221.02576pt x 48.18pt>
File: 1_7.png Graphic file (type png)
<use 1_7.png>
Package pdftex.def Info: 1_7.png  used on input line 430.
(pdftex.def)             Requested size: 290.22107pt x 63.2706pt.
<1_8.png, id=188, 358.941pt x 159.59625pt>
File: 1_8.png Graphic file (type png)
<use 1_8.png>
Package pdftex.def Info: 1_8.png  used on input line 443.
(pdftex.def)             Requested size: 290.22107pt x 129.04088pt.
 [13 <./1_5.png> <./1_6.png> <./1_7.png>]
<1_9.png, id=200, 370.986pt x 158.39175pt>
File: 1_9.png Graphic file (type png)
<use 1_9.png>
Package pdftex.def Info: 1_9.png  used on input line 450.
(pdftex.def)             Requested size: 290.22107pt x 123.91241pt.
<1_10.png, id=201, 202.95825pt x 52.39575pt>
File: 1_10.png Graphic file (type png)
<use 1_10.png>
Package pdftex.def Info: 1_10.png  used on input line 456.
(pdftex.def)             Requested size: 290.22107pt x 74.93094pt.
 [14 <./1_8.png> <./1_9.png> <./1_10.png>] [15] (Barrios_Mendez_JoseAlberto_Rep
orte.aux
LaTeX Info: Redefining \. on input line 22.
LaTeX Info: Redefining \% on input line 22.
)
 ***********
LaTeX2e <2023-06-01> patch level 1
L3 programming layer <2023-08-29>
 ***********


LaTeX Warning: There were multiply-defined labels.

Package rerunfilecheck Info: File `Barrios_Mendez_JoseAlberto_Reporte.out' has 
not changed.
(rerunfilecheck)             Checksum: E5D22E8288FC4EF18DE9D22B44EDF5E3;1254.
 ) 
Here is how much of TeX's memory you used:
 14438 strings out of 475248
 233089 string characters out of 5757812
 1927785 words of memory out of 5000000
 35714 multiletter control sequences out of 15000+600000
 564853 words of font info for 59 fonts, out of 8000000 for 9000
 1141 hyphenation exceptions out of 8191
 75i,13n,79p,944b,626s stack positions out of 10000i,1000n,20000p,200000b,200000s
<C:/Users/alber/AppData/Local/Programs/MiKTeX/fonts/type1/public/amsfonts/cm/
cmbx12.pfb><C:/Users/alber/AppData/Local/Programs/MiKTeX/fonts/type1/public/ams
fonts/cm/cmcsc10.pfb><C:/Users/alber/AppData/Local/Programs/MiKTeX/fonts/type1/
public/amsfonts/cm/cmex10.pfb><C:/Users/alber/AppData/Local/Programs/MiKTeX/fon
ts/type1/public/amsfonts/cm/cmmi12.pfb><C:/Users/alber/AppData/Local/Programs/M
iKTeX/fonts/type1/public/amsfonts/cm/cmmi8.pfb><C:/Users/alber/AppData/Local/Pr
ograms/MiKTeX/fonts/type1/public/amsfonts/cm/cmr10.pfb><C:/Users/alber/AppData/
Local/Programs/MiKTeX/fonts/type1/public/amsfonts/cm/cmr12.pfb><C:/Users/alber/
AppData/Local/Programs/MiKTeX/fonts/type1/public/amsfonts/cm/cmr8.pfb><C:/Users
/alber/AppData/Local/Programs/MiKTeX/fonts/type1/public/amsfonts/cm/cmsy10.pfb>
<C:/Users/alber/AppData/Local/Programs/MiKTeX/fonts/type1/public/amsfonts/cm/cm
sy8.pfb><C:/Users/alber/AppData/Local/Programs/MiKTeX/fonts/type1/public/amsfon
ts/cm/cmti12.pfb>
Output written on Barrios_Mendez_JoseAlberto_Reporte.pdf (15 pages, 599252 byte
s).
PDF statistics:
 278 PDF objects out of 1000 (max. 8388607)
 66 named destinations out of 1000 (max. 500000)
 208 words of extra memory for PDF output out of 10000 (max. 10000000)

